<?xml version="1.0" encoding="UTF-8"?>
<!-- Generated by org.testng.reporters.JUnitReportReporter -->
<testsuite hostname="DESKTOP-62EHF2O" failures="0" tests="1" name="com.practice.rough.TestExecutionFlow" time="0.004" errors="0" timestamp="2025-05-29T15:50:08 IST" skipped="0">
  <testcase classname="com.practice.rough.TestExecutionFlow" name="Test" time="0.004"/>
  <system-out/>
</testsuite> <!-- com.practice.rough.TestExecutionFlow -->
