<?xml version="1.0" encoding="UTF-8"?>
<!-- Generated by org.testng.reporters.JUnitReportReporter -->
<testsuite hostname="DESKTOP-62EHF2O" failures="0" tests="2" name="com.practice.rough.FirstTest" time="18.696" errors="0" timestamp="2025-05-26T16:10:45 IST" skipped="0">
  <testcase classname="com.practice.rough.FirstTest" name="doLogin" time="8.479"/>
  <system-out/>
  <testcase classname="com.practice.rough.FirstTest" name="doLogin" time="10.217"/>
  <system-out/>
</testsuite> <!-- com.practice.rough.FirstTest -->
