<?xml version="1.0" encoding="UTF-8"?>
<!-- Generated by org.testng.reporters.JUnitReportReporter -->
<testsuite hostname="DESKTOP-62EHF2O" failures="0" tests="2" name="com.practice.rough.FirstTest2" time="13.428" errors="0" timestamp="2025-05-29T13:44:53 IST" skipped="0">
  <testcase classname="com.practice.rough.FirstTest2" name="doLogin" time="8.158"/>
  <system-out/>
  <testcase classname="com.practice.rough.FirstTest2" name="doLogin" time="5.270"/>
  <system-out/>
</testsuite> <!-- com.practice.rough.FirstTest2 -->
