<?xml version="1.0" encoding="UTF-8"?>
<!-- Generated by org.testng.reporters.JUnitReportReporter -->
<testsuite hostname="DESKTOP-62EHF2O" failures="0" tests="2" name="com.saucelab.test.FirstTest3" time="12.625" errors="0" timestamp="2025-05-29T13:44:53 IST" skipped="0">
  <testcase classname="com.saucelab.test.FirstTest3" name="doLogin" time="7.319"/>
  <system-out/>
  <testcase classname="com.saucelab.test.FirstTest3" name="doLogin" time="5.306"/>
  <system-out/>
</testsuite> <!-- com.saucelab.test.FirstTest3 -->
