<?xml version="1.0" encoding="UTF-8"?>
<!-- Generated by org.testng.reporters.JUnitReportReporter -->
<testsuite hostname="DESKTOP-62EHF2O" failures="0" tests="6" name="com.saucelab.test.TestClass1" time="41.821" errors="0" timestamp="2025-06-02T12:53:25 IST" skipped="0">
  <testcase classname="com.saucelab.test.TestClass1" name="doLogin" time="7.030"/>
  <system-out/>
  <testcase classname="com.saucelab.test.TestClass1" name="doLogin" time="7.778"/>
  <system-out/>
  <testcase classname="com.saucelab.test.TestClass1" name="doLogin" time="7.855"/>
  <system-out/>
  <testcase classname="com.saucelab.test.TestClass1" name="doLogin" time="4.805"/>
  <system-out/>
  <testcase classname="com.saucelab.test.TestClass1" name="doLogin" time="7.892"/>
  <system-out/>
  <testcase classname="com.saucelab.test.TestClass1" name="doLogin" time="6.461"/>
  <system-out/>
</testsuite> <!-- com.saucelab.test.TestClass1 -->
