<?xml version="1.0" encoding="UTF-8"?>
<!-- Generated by org.testng.reporters.JUnitReportReporter -->
<testsuite hostname="DESKTOP-62EHF2O" failures="0" tests="2" name="com.saucelab.test.TestClass1" time="7.431" errors="0" timestamp="2025-06-18T22:05:34 IST" skipped="0">
  <testcase classname="com.saucelab.test.TestClass1" name="doLogin" time="4.184"/>
  <system-out/>
  <testcase classname="com.saucelab.test.TestClass1" name="doLogin" time="3.247"/>
  <system-out/>
</testsuite> <!-- com.saucelab.test.TestClass1 -->
