<?xml version="1.0" encoding="UTF-8"?>
<!-- Generated by org.testng.reporters.JUnitReportReporter -->
<testsuite hostname="DESKTOP-62EHF2O" failures="0" tests="2" name="com.practice.rough.FirstTest3" time="7.892" errors="0" timestamp="2025-06-20T15:07:51 IST" skipped="0">
  <testcase classname="com.practice.rough.FirstTest3" name="doLogin" time="4.642"/>
  <system-out/>
  <testcase classname="com.practice.rough.FirstTest3" name="doLogin" time="3.250"/>
  <system-out/>
</testsuite> <!-- com.practice.rough.FirstTest3 -->
