<?xml version="1.0" encoding="UTF-8"?>
<!-- Generated by org.testng.reporters.JUnitReportReporter -->
<testsuite hostname="DESKTOP-62EHF2O" failures="0" tests="6" name="com.saucelab.test.TestClass1" time="45.682" errors="0" timestamp="2025-06-18T22:08:09 IST" skipped="0">
  <testcase classname="com.saucelab.test.TestClass1" name="doLogin" time="6.404"/>
  <system-out/>
  <testcase classname="com.saucelab.test.TestClass1" name="doLogin" time="6.349"/>
  <system-out/>
  <testcase classname="com.saucelab.test.TestClass1" name="doLogin" time="8.480"/>
  <system-out/>
  <testcase classname="com.saucelab.test.TestClass1" name="doLogin" time="11.579"/>
  <system-out/>
  <testcase classname="com.saucelab.test.TestClass1" name="doLogin" time="7.677"/>
  <system-out/>
  <testcase classname="com.saucelab.test.TestClass1" name="doLogin" time="5.193"/>
  <system-out/>
</testsuite> <!-- com.saucelab.test.TestClass1 -->
