<?xml version="1.0" encoding="UTF-8"?>
<!-- Generated by org.testng.reporters.JUnitReportReporter -->
<testsuite hostname="DESKTOP-62EHF2O" failures="0" tests="6" name="com.saucelab.test.TestClass1" time="52.464" errors="0" timestamp="2025-06-20T15:07:51 IST" skipped="0">
  <testcase classname="com.saucelab.test.TestClass1" name="doLogin" time="5.706"/>
  <system-out/>
  <testcase classname="com.saucelab.test.TestClass1" name="doLogin" time="9.631"/>
  <system-out/>
  <testcase classname="com.saucelab.test.TestClass1" name="doLogin" time="11.426"/>
  <system-out/>
  <testcase classname="com.saucelab.test.TestClass1" name="doLogin" time="9.709"/>
  <system-out/>
  <testcase classname="com.saucelab.test.TestClass1" name="doLogin" time="6.336"/>
  <system-out/>
  <testcase classname="com.saucelab.test.TestClass1" name="doLogin" time="9.656"/>
  <system-out/>
</testsuite> <!-- com.saucelab.test.TestClass1 -->
