<?xml version="1.0" encoding="UTF-8"?>
<!-- Generated by org.testng.reporters.JUnitReportReporter -->
<testsuite hostname="DESKTOP-62EHF2O" failures="0" tests="2" name="com.practice.rough.FirstTest3" time="7.943" errors="0" timestamp="2025-06-20T11:56:25 IST" skipped="0">
  <testcase classname="com.practice.rough.FirstTest3" name="doLogin" time="3.229"/>
  <system-out/>
  <testcase classname="com.practice.rough.FirstTest3" name="doLogin" time="4.714"/>
  <system-out/>
</testsuite> <!-- com.practice.rough.FirstTest3 -->
