<?xml version="1.0" encoding="UTF-8"?>
<!-- Generated by org.testng.reporters.JUnitReportReporter -->
<testsuite hostname="DESKTOP-62EHF2O" failures="0" tests="6" name="com.saucelab.test.TestClass1" time="34.644" errors="0" timestamp="2025-06-12T21:46:59 IST" skipped="0">
  <testcase classname="com.saucelab.test.TestClass1" name="doLogin" time="7.336"/>
  <system-out/>
  <testcase classname="com.saucelab.test.TestClass1" name="doLogin" time="6.812"/>
  <system-out/>
  <testcase classname="com.saucelab.test.TestClass1" name="doLogin" time="5.949"/>
  <system-out/>
  <testcase classname="com.saucelab.test.TestClass1" name="doLogin" time="4.487"/>
  <system-out/>
  <testcase classname="com.saucelab.test.TestClass1" name="doLogin" time="3.401"/>
  <system-out/>
  <testcase classname="com.saucelab.test.TestClass1" name="doLogin" time="6.659"/>
  <system-out/>
</testsuite> <!-- com.saucelab.test.TestClass1 -->
