<?xml version="1.0" encoding="UTF-8"?>
<!-- Generated by org.testng.reporters.JUnitReportReporter -->
<testsuite hostname="DESKTOP-62EHF2O" failures="0" tests="6" name="com.saucelab.test.TestClass1" time="50.020" errors="0" timestamp="2025-06-20T11:56:25 IST" skipped="0">
  <testcase classname="com.saucelab.test.TestClass1" name="doLogin" time="6.572"/>
  <system-out/>
  <testcase classname="com.saucelab.test.TestClass1" name="doLogin" time="9.688"/>
  <system-out/>
  <testcase classname="com.saucelab.test.TestClass1" name="doLogin" time="11.681"/>
  <system-out/>
  <testcase classname="com.saucelab.test.TestClass1" name="doLogin" time="4.868"/>
  <system-out/>
  <testcase classname="com.saucelab.test.TestClass1" name="doLogin" time="8.468"/>
  <system-out/>
  <testcase classname="com.saucelab.test.TestClass1" name="doLogin" time="8.743"/>
  <system-out/>
</testsuite> <!-- com.saucelab.test.TestClass1 -->
